<?xml version="1.0" encoding="UTF-8"?>
<testng-results ignored="2" total="4" passed="2" failed="0" skipped="0">
  <reporter-output>
  </reporter-output>
  <suite started-at="2022-05-26T22:03:55 EDT" name="Suite" finished-at="2022-05-26T22:03:55 EDT" duration-ms="69">
    <groups>
    </groups>
    <test started-at="2022-05-26T22:03:55 EDT" name="Test" finished-at="2022-05-26T22:03:55 EDT" duration-ms="69">
      <class name="udemyAcademy.A_tSection19_z.Maven.NokiaTest">
        <test-method signature="Nokia8Sirocco()[pri:0, instance:udemyAcademy.A_tSection19_z.Maven.NokiaTest@54bff557]" started-at="2022-05-26T22:03:55 EDT" name="Nokia8Sirocco" finished-at="2022-05-26T22:03:55 EDT" duration-ms="9" status="PASS">
          <reporter-output>
          </reporter-output>
        </test-method> <!-- Nokia8Sirocco -->
        <test-method signature="Nokia9PureView()[pri:0, instance:udemyAcademy.A_tSection19_z.Maven.NokiaTest@54bff557]" started-at="2022-05-26T22:03:55 EDT" name="Nokia9PureView" finished-at="2022-05-26T22:03:55 EDT" duration-ms="2" status="PASS">
          <reporter-output>
          </reporter-output>
        </test-method> <!-- Nokia9PureView -->
      </class> <!-- udemyAcademy.A_tSection19_z.Maven.NokiaTest -->
    </test> <!-- Test -->
  </suite> <!-- Suite -->
</testng-results>
