<?xml version="1.0" encoding="UTF-8"?>
<!-- Generated by org.testng.reporters.JUnitXMLReporter -->
<testsuite ignored="1" hostname="DESKTOP-K7BIRIK" failures="0" tests="1" name="Default test" time="0.057" errors="0" timestamp="2022-05-25T21:37:34 EDT">
  <testcase classname="udemyAcademy.A_tSection19_z.Maven.IphoneTest" name="Iphone6" time="0.011"/>
  <testcase classname="udemyAcademy.A_tSection19_z.Maven.IphoneTest" name="IphoneXR" time="0.0">
    <ignored/>
  </testcase> <!-- IphoneXR -->
</testsuite> <!-- Default test -->
