<?xml version="1.0" encoding="UTF-8"?>
<testng-results ignored="0" total="1" passed="1" failed="0" skipped="0">
  <reporter-output>
  </reporter-output>
  <suite started-at="2022-07-24T21:44:40 EDT" name="Default suite" finished-at="2022-07-24T21:44:44 EDT" duration-ms="3983">
    <groups>
    </groups>
    <test started-at="2022-07-24T21:44:40 EDT" name="Default test" finished-at="2022-07-24T21:44:44 EDT" duration-ms="3983">
      <class name="testCases.ExtentReportingDemo">
        <test-method is-config="true" signature="et()[pri:0, instance:testCases.ExtentReportingDemo@a38c7fe]" started-at="2022-07-24T21:44:40 EDT" name="et" finished-at="2022-07-24T21:44:40 EDT" duration-ms="261" status="PASS">
          <reporter-output>
          </reporter-output>
        </test-method> <!-- et -->
        <test-method signature="testCaseNo1()[pri:0, instance:testCases.ExtentReportingDemo@a38c7fe]" started-at="2022-07-24T21:44:40 EDT" name="testCaseNo1" finished-at="2022-07-24T21:44:44 EDT" duration-ms="3660" status="PASS">
          <reporter-output>
          </reporter-output>
        </test-method> <!-- testCaseNo1 -->
      </class> <!-- testCases.ExtentReportingDemo -->
    </test> <!-- Default test -->
  </suite> <!-- Default suite -->
</testng-results>
