<?xml version="1.0" encoding="UTF-8"?>
<testng-results ignored="0" total="2" passed="2" failed="0" skipped="0">
  <reporter-output>
  </reporter-output>
  <suite started-at="2022-07-13T23:24:44 EDT" name="Suite" finished-at="2022-07-13T23:24:51 EDT" duration-ms="7395">
    <groups>
    </groups>
    <test started-at="2022-07-13T23:24:44 EDT" name="Test" finished-at="2022-07-13T23:24:51 EDT" duration-ms="7395">
      <class name="testCases.LogInPageTestCases">
        <test-method is-config="true" signature="allBefore()[pri:0, instance:testCases.LogInPageTestCases@338494fa]" started-at="2022-07-13T23:24:44 EDT" name="allBefore" finished-at="2022-07-13T23:24:47 EDT" duration-ms="2518" status="PASS">
          <reporter-output>
          </reporter-output>
        </test-method> <!-- allBefore -->
        <test-method signature="Test2()[pri:0, instance:testCases.LogInPageTestCases@338494fa]" started-at="2022-07-13T23:24:50 EDT" name="Test2" finished-at="2022-07-13T23:24:50 EDT" duration-ms="578" status="PASS">
          <reporter-output>
          </reporter-output>
        </test-method> <!-- Test2 -->
        <test-method is-config="true" signature="allAfter()[pri:0, instance:testCases.LogInPageTestCases@338494fa]" started-at="2022-07-13T23:24:51 EDT" name="allAfter" finished-at="2022-07-13T23:24:51 EDT" duration-ms="283" status="PASS">
          <reporter-output>
          </reporter-output>
        </test-method> <!-- allAfter -->
      </class> <!-- testCases.LogInPageTestCases -->
      <class name="testCases.SignInTextTestCases">
        <test-method is-config="true" signature="allBefore()[pri:0, instance:testCases.SignInTextTestCases@72cf2de5]" started-at="2022-07-13T23:24:47 EDT" name="allBefore" finished-at="2022-07-13T23:24:49 EDT" duration-ms="2867" status="PASS">
          <reporter-output>
          </reporter-output>
        </test-method> <!-- allBefore -->
        <test-method signature="Test1()[pri:0, instance:testCases.SignInTextTestCases@72cf2de5]" started-at="2022-07-13T23:24:50 EDT" name="Test1" finished-at="2022-07-13T23:24:51 EDT" duration-ms="1076" status="PASS">
          <reporter-output>
          </reporter-output>
        </test-method> <!-- Test1 -->
        <test-method is-config="true" signature="allAfter()[pri:0, instance:testCases.SignInTextTestCases@72cf2de5]" started-at="2022-07-13T23:24:51 EDT" name="allAfter" finished-at="2022-07-13T23:24:51 EDT" duration-ms="1" status="PASS">
          <reporter-output>
          </reporter-output>
        </test-method> <!-- allAfter -->
      </class> <!-- testCases.SignInTextTestCases -->
    </test> <!-- Test -->
  </suite> <!-- Suite -->
</testng-results>
