<?xml version="1.0" encoding="UTF-8"?>
<testng-results ignored="0" total="1" passed="1" failed="0" skipped="0">
  <reporter-output>
  </reporter-output>
  <suite started-at="2022-07-16T23:40:54 EDT" name="Suite" finished-at="2022-07-16T23:40:58 EDT" duration-ms="3532">
    <groups>
    </groups>
    <test started-at="2022-07-16T23:40:54 EDT" name="Test" finished-at="2022-07-16T23:40:58 EDT" duration-ms="3532">
      <class name="testCases.LoginPageTestCases">
        <test-method signature="TestCase1()[pri:0, instance:testCases.LoginPageTestCases@30ee2816]" started-at="2022-07-16T23:40:54 EDT" name="TestCase1" finished-at="2022-07-16T23:40:58 EDT" duration-ms="3477" status="PASS">
          <reporter-output>
          </reporter-output>
        </test-method> <!-- TestCase1 -->
      </class> <!-- testCases.LoginPageTestCases -->
    </test> <!-- Test -->
  </suite> <!-- Suite -->
</testng-results>
