<?xml version="1.0" encoding="UTF-8"?>
<!-- Generated by org.testng.reporters.JUnitXMLReporter -->
<testsuite ignored="0" hostname="DESKTOP-K7BIRIK" failures="0" tests="6" name="Test" time="0.085" errors="0" timestamp="2022-05-26T22:03:01 EDT">
  <testcase classname="udemyAcademy.A_tSection19_z.Maven.SamsungTest" name="SamsungGalaxyA535G" time="0.01"/>
  <testcase classname="udemyAcademy.A_tSection19_z.Maven.SamsungTest" name="SamsungGalaxyA735G" time="0.001"/>
  <testcase classname="udemyAcademy.A_tSection19_z.Maven.IphoneTest" name="Iphone6" time="0.001"/>
  <testcase classname="udemyAcademy.A_tSection19_z.Maven.IphoneTest" name="IphoneXR" time="0.002"/>
  <testcase classname="udemyAcademy.A_tSection19_z.Maven.NokiaTest" name="Nokia8Sirocco" time="0.001"/>
  <testcase classname="udemyAcademy.A_tSection19_z.Maven.NokiaTest" name="Nokia9PureView" time="0.001"/>
</testsuite> <!-- Test -->
