<?xml version="1.0" encoding="UTF-8"?>
<testng-results ignored="0" total="2" passed="2" failed="0" skipped="0">
  <reporter-output>
  </reporter-output>
  <suite started-at="2022-07-25T13:38:10 EDT" name="Default suite" finished-at="2022-07-25T13:38:27 EDT" duration-ms="16890">
    <groups>
    </groups>
    <test started-at="2022-07-25T13:38:10 EDT" name="Default test" finished-at="2022-07-25T13:38:27 EDT" duration-ms="16890">
      <class name="testCases.ExtentReport">
        <test-method is-config="true" signature="reportTest()[pri:0, instance:testCases.ExtentReport@2e6a8155]" started-at="2022-07-25T13:38:10 EDT" name="reportTest" finished-at="2022-07-25T13:38:10 EDT" duration-ms="497" status="PASS">
          <reporter-output>
          </reporter-output>
        </test-method> <!-- reportTest -->
        <test-method signature="testCaseNo1()[pri:0, instance:testCases.ExtentReport@2e6a8155]" started-at="2022-07-25T13:38:10 EDT" name="testCaseNo1" finished-at="2022-07-25T13:38:16 EDT" duration-ms="5651" status="PASS">
          <reporter-output>
          </reporter-output>
        </test-method> <!-- testCaseNo1 -->
        <test-method signature="testCaseNo2()[pri:0, instance:testCases.ExtentReport@2e6a8155]" started-at="2022-07-25T13:38:16 EDT" name="testCaseNo2" finished-at="2022-07-25T13:38:21 EDT" duration-ms="4533" status="PASS">
          <reporter-output>
          </reporter-output>
        </test-method> <!-- testCaseNo2 -->
        <test-method is-config="true" signature="allCommonAfter()[pri:0, instance:testCases.ExtentReport@2e6a8155]" started-at="2022-07-25T13:38:21 EDT" name="allCommonAfter" finished-at="2022-07-25T13:38:27 EDT" duration-ms="6105" status="PASS">
          <reporter-output>
          </reporter-output>
        </test-method> <!-- allCommonAfter -->
      </class> <!-- testCases.ExtentReport -->
    </test> <!-- Default test -->
  </suite> <!-- Default suite -->
</testng-results>
