<?xml version="1.0" encoding="UTF-8"?>
<!-- Generated by org.testng.reporters.JUnitXMLReporter -->
<testsuite ignored="2" hostname="DESKTOP-K7BIRIK" failures="0" tests="2" name="Test" time="0.069" errors="0" timestamp="2022-05-26T22:03:55 EDT">
  <testcase classname="udemyAcademy.A_tSection19_z.Maven.NokiaTest" name="Nokia8Sirocco" time="0.009"/>
  <testcase classname="udemyAcademy.A_tSection19_z.Maven.NokiaTest" name="Nokia9PureView" time="0.002"/>
  <testcase classname="udemyAcademy.A_tSection19_z.Maven.SamsungTest" name="SamsungGalaxyA535G" time="0.0">
    <ignored/>
  </testcase> <!-- SamsungGalaxyA535G -->
  <testcase classname="udemyAcademy.A_tSection19_z.Maven.SamsungTest" name="SamsungGalaxyA735G" time="0.0">
    <ignored/>
  </testcase> <!-- SamsungGalaxyA735G -->
</testsuite> <!-- Test -->
